This is pdfTeXk, Version 3.141592-1.40.3 (Web2C 7.5.6) (format=latex 2009.8.2)  1 MAY 2011 17:05
entering extended mode
 %&-line parsing enabled.
**CPython_VM_Model.tex
(./CPython_VM_Model.tex
LaTeX2e <2005/12/01>
Babel <v3.8h> and hyphenation patterns for english, usenglishmax, dumylang, noh
yphenation, loaded.
(/usr/share/texmf-texlive/tex/latex/base/article.cls
Document Class: article 2005/09/16 v1.4f Standard LaTeX document class
(/usr/share/texmf-texlive/tex/latex/base/size10.clo
File: size10.clo 2005/09/16 v1.4f Standard LaTeX file (size option)
)
\c@part=\count79
\c@section=\count80
\c@subsection=\count81
\c@subsubsection=\count82
\c@paragraph=\count83
\c@subparagraph=\count84
\c@figure=\count85
\c@table=\count86
\abovecaptionskip=\skip41
\belowcaptionskip=\skip42
\bibindent=\dimen102
) (./CPython_VM_Model.aux)
\openout1 = `CPython_VM_Model.aux'.

LaTeX Font Info:    Checking defaults for OML/cmm/m/it on input line 15.
LaTeX Font Info:    ... okay on input line 15.
LaTeX Font Info:    Checking defaults for T1/cmr/m/n on input line 15.
LaTeX Font Info:    ... okay on input line 15.
LaTeX Font Info:    Checking defaults for OT1/cmr/m/n on input line 15.
LaTeX Font Info:    ... okay on input line 15.
LaTeX Font Info:    Checking defaults for OMS/cmsy/m/n on input line 15.
LaTeX Font Info:    ... okay on input line 15.
LaTeX Font Info:    Checking defaults for OMX/cmex/m/n on input line 15.
LaTeX Font Info:    ... okay on input line 15.
LaTeX Font Info:    Checking defaults for U/cmr/m/n on input line 15.
LaTeX Font Info:    ... okay on input line 15.
LaTeX Font Info:    External font `cmex10' loaded for size
(Font)              <12> on input line 17.
LaTeX Font Info:    External font `cmex10' loaded for size
(Font)              <8> on input line 17.
LaTeX Font Info:    External font `cmex10' loaded for size
(Font)              <6> on input line 17.
LaTeX Font Info:    Try loading font information for OMS+cmr on input line 46.

(/usr/share/texmf-texlive/tex/latex/base/omscmr.fd
File: omscmr.fd 1999/05/25 v2.5h Standard LaTeX font definitions
)
LaTeX Font Info:    Font shape `OMS/cmr/m/n' in size <10> not available
(Font)              Font shape `OMS/cmsy/m/n' tried instead on input line 46.
 [1

]
Overfull \hbox (9.10106pt too wide) in paragraph at lines 75--76
\OT1/cmr/m/n/10 when re-solv-ing at-tributes. To []\OT1/cmtt/m/n/10 obj.x \OT1/
cmr/m/n/10 look for 'x' in []\OT1/cmtt/m/n/10 obj.class.mro[0].dict\OT1/cmr/m/n
/10 ,
 []

[2] [3]
Overfull \hbox (67.01541pt too wide) in paragraph at lines 159--161
\OT1/cmr/m/n/10 the ex-cep-tion is set to []\OT1/cmtt/m/n/10 thread_state->exce
ption\OT1/cmr/m/n/10 . In C code the []\OT1/cmtt/m/n/10 thread_state->c_excepti
on
 []

[4] [5] (./CPython_VM_Model.aux) ) 
Here is how much of TeX's memory you used:
 255 strings out of 95087
 2900 string characters out of 1183279
 49090 words of memory out of 1500000
 3497 multiletter control sequences out of 10000+50000
 8670 words of font info for 31 fonts, out of 1200000 for 2000
 28 hyphenation exceptions out of 8191
 23i,4n,19p,530b,185s stack positions out of 5000i,500n,6000p,200000b,5000s

Output written on CPython_VM_Model.dvi (5 pages, 12848 bytes).
