\BOOKMARK [0][-]{chapter.1}{The HotPy Virtual Machine Execution Model}{}
\BOOKMARK [1][-]{section.1.1}{The High Level Model}{chapter.1}
\BOOKMARK [1][-]{section.1.2}{Objects}{chapter.1}
\BOOKMARK [2][-]{subsection.1.2.1}{The object class}{section.1.2}
\BOOKMARK [2][-]{subsection.1.2.2}{The type class}{section.1.2}
\BOOKMARK [2][-]{subsection.1.2.3}{The thread class}{section.1.2}
\BOOKMARK [2][-]{subsection.1.2.4}{The frame class}{section.1.2}
\BOOKMARK [2][-]{subsection.1.2.5}{The function class}{section.1.2}
\BOOKMARK [2][-]{subsection.1.2.6}{The code\137object class}{section.1.2}
\BOOKMARK [2][-]{subsection.1.2.7}{The exception\137handler class}{section.1.2}
\BOOKMARK [1][-]{section.1.3}{Execution}{chapter.1}
\BOOKMARK [2][-]{subsection.1.3.1}{Threads}{section.1.3}
\BOOKMARK [2][-]{subsection.1.3.2}{Semantics}{section.1.3}
\BOOKMARK [2][-]{subsection.1.3.3}{Simple Bytecodes}{section.1.3}
\BOOKMARK [2][-]{subsection.1.3.4}{Atomic Bytecodes}{section.1.3}
\BOOKMARK [2][-]{subsection.1.3.5}{C Frames}{section.1.3}
\BOOKMARK [2][-]{subsection.1.3.6}{The Heap}{section.1.3}
\BOOKMARK [2][-]{subsection.1.3.7}{Thread Switching}{section.1.3}
\BOOKMARK [0][-]{chapter.2}{The Instruction Set}{}
\BOOKMARK [1][-]{subsection.2.0.8}{Optimiser Bytecodes}{chapter.2}
\BOOKMARK [2][-]{subsection.2.0.9}{Specialised bytecodes for ints and floats}{subsection.2.0.8}
\BOOKMARK [2][-]{subsection.2.0.10}{Bytecodes produced by the D.O.C. pass.}{subsection.2.0.8}
