This is pdfTeXk, Version 3.141592-1.40.3 (Web2C 7.5.6) (format=latex 2009.8.2)  11 FEB 2011 18:14
entering extended mode
 %&-line parsing enabled.
**new_api.tex
(./new_api.tex
LaTeX2e <2005/12/01>
Babel <v3.8h> and hyphenation patterns for english, usenglishmax, dumylang, noh
yphenation, loaded.
(/usr/share/texmf-texlive/tex/latex/base/article.cls
Document Class: article 2005/09/16 v1.4f Standard LaTeX document class
(/usr/share/texmf-texlive/tex/latex/base/size10.clo
File: size10.clo 2005/09/16 v1.4f Standard LaTeX file (size option)
)
\c@part=\count79
\c@section=\count80
\c@subsection=\count81
\c@subsubsection=\count82
\c@paragraph=\count83
\c@subparagraph=\count84
\c@figure=\count85
\c@table=\count86
\abovecaptionskip=\skip41
\belowcaptionskip=\skip42
\bibindent=\dimen102
) (./new_api.aux)
\openout1 = `new_api.aux'.

LaTeX Font Info:    Checking defaults for OML/cmm/m/it on input line 9.
LaTeX Font Info:    ... okay on input line 9.
LaTeX Font Info:    Checking defaults for T1/cmr/m/n on input line 9.
LaTeX Font Info:    ... okay on input line 9.
LaTeX Font Info:    Checking defaults for OT1/cmr/m/n on input line 9.
LaTeX Font Info:    ... okay on input line 9.
LaTeX Font Info:    Checking defaults for OMS/cmsy/m/n on input line 9.
LaTeX Font Info:    ... okay on input line 9.
LaTeX Font Info:    Checking defaults for OMX/cmex/m/n on input line 9.
LaTeX Font Info:    ... okay on input line 9.
LaTeX Font Info:    Checking defaults for U/cmr/m/n on input line 9.
LaTeX Font Info:    ... okay on input line 9.
LaTeX Font Info:    External font `cmex10' loaded for size
(Font)              <12> on input line 11.
LaTeX Font Info:    External font `cmex10' loaded for size
(Font)              <8> on input line 11.
LaTeX Font Info:    External font `cmex10' loaded for size
(Font)              <6> on input line 11.
LaTeX Font Info:    External font `cmex10' loaded for size
(Font)              <7> on input line 30.
LaTeX Font Info:    External font `cmex10' loaded for size
(Font)              <5> on input line 30.


LaTeX Warning: Reference `fig:thread' on page 1 undefined on input line 39.

[1

]
Overfull \hbox (81.47078pt too wide) in paragraph at lines 89--92
[]\OT1/cmr/m/n/10 In or-der to get in-for-ma-tion about the VM, call []\OT1/cmt
t/m/n/10 const char* Py_GetInfo(const char* what)\OT1/cmr/m/n/10 .
 []

[2] (./new_api.aux)

LaTeX Warning: There were undefined references.

 ) 
Here is how much of TeX's memory you used:
 237 strings out of 95087
 2523 string characters out of 1183279
 48090 words of memory out of 1500000
 3482 multiletter control sequences out of 10000+50000
 8363 words of font info for 30 fonts, out of 1200000 for 2000
 28 hyphenation exceptions out of 8191
 24i,8n,19p,165b,187s stack positions out of 5000i,500n,6000p,200000b,5000s

Output written on new_api.dvi (2 pages, 5992 bytes).
